#
# There is insufficient memory for the Java Runtime Environment to continue.
# Native memory allocation (mmap) failed to map 132120576 bytes for Failed to commit area from 0x0000000082000000 to 0x0000000089e00000 of length 132120576.
# Possible reasons:
#   The system is out of physical RAM or swap space
#   The process is running with CompressedOops enabled, and the Java Heap may be blocking the growth of the native heap
# Possible solutions:
#   Reduce memory load on the system
#   Increase physical memory or swap space
#   Check if swap backing store is full
#   Decrease Java heap size (-Xmx/-Xms)
#   Decrease number of Java threads
#   Decrease Java thread stack sizes (-Xss)
#   Set larger code cache with -XX:ReservedCodeCacheSize=
# This output file may be truncated or incomplete.
#
#  Out of Memory Error (./src/hotspot/os/windows/os_windows.cpp:3386), pid=15904, tid=8320
#
# JRE version:  (11.0.17+8) (build )
# Java VM: OpenJDK 64-Bit Server VM (11.0.17+8, mixed mode, sharing, tiered, compressed oops, g1 gc, windows-amd64)
# No core dump will be written. Minidumps are not enabled by default on client versions of Windows
#

---------------  S U M M A R Y ------------

Command Line: org.jetbrains.kotlin.cli.jvm.K2JVMCompiler @C:\Users\Nosegay\Documents\workspace\movie_app\node_modules\react-native-screens\android\build\20230302_4665714593086639190.compiler.options

Host: Intel(R) Core(TM) i5-6300U CPU @ 2.40GHz, 4 cores, 7G,  Windows 10 , 64 bit Build 19041 (10.0.19041.2546)
Time: Thu Mar  2 01:42:36 2023 Pacific Standard Time elapsed time: 0.369373 seconds (0d 0h 0m 0s)

---------------  T H R E A D  ---------------

Current thread (0x000002833911f800):  JavaThread "Unknown thread" [_thread_in_vm, id=8320, stack(0x000000cf3d100000,0x000000cf3d200000)]

Stack: [0x000000cf3d100000,0x000000cf3d200000]
Native frames: (J=compiled Java code, j=interpreted, Vv=VM code, C=native code)
V  [jvm.dll+0x61f5ba]
V  [jvm.dll+0x7abf79]
V  [jvm.dll+0x7ad668]
V  [jvm.dll+0x7add43]
V  [jvm.dll+0x24fd88]
V  [jvm.dll+0x61c8ca]
V  [jvm.dll+0x611055]
V  [jvm.dll+0x307ccc]
V  [jvm.dll+0x307b52]
V  [jvm.dll+0x30c866]
V  [jvm.dll+0x352caf]
V  [jvm.dll+0x3526e0]
V  [jvm.dll+0x2e4cd8]
V  [jvm.dll+0x2e5e36]
V  [jvm.dll+0x785db7]
V  [jvm.dll+0x78753f]
V  [jvm.dll+0x35fa29]
V  [jvm.dll+0x768d20]
V  [jvm.dll+0x3cd54f]
V  [jvm.dll+0x3cf8e1]
C  [jli.dll+0x5207]
C  [ucrtbase.dll+0x21bb2]
C  [KERNEL32.DLL+0x17614]
C  [ntdll.dll+0x526a1]


---------------  P R O C E S S  ---------------

Threads class SMR info:
_java_thread_list=0x0000028336f521d0, length=0, elements={
}

Java Threads: ( => current thread )

Other Threads:
  0x0000028339136800 GCTaskThread "GC Thread#0" [stack: 0x000000cf3d200000,0x000000cf3d300000] [id=4132]
  0x0000028339164800 ConcurrentGCThread "G1 Main Marker" [stack: 0x000000cf3d300000,0x000000cf3d400000] [id=7084]
  0x0000028339166000 ConcurrentGCThread "G1 Conc#0" [stack: 0x000000cf3d400000,0x000000cf3d500000] [id=12760]

[error occurred during error reporting (printing all threads), id 0xc0000005, EXCEPTION_ACCESS_VIOLATION (0xc0000005) at pc=0x00007ffbf72844a7]

VM state:not at safepoint (not fully initialized)

VM Mutex/Monitor currently owned by a thread:  ([mutex/lock_event])
[0x000002833911cc30] Heap_lock - owner thread: 0x000002833911f800

Heap address: 0x0000000082000000, size: 2016 MB, Compressed Oops mode: Non-zero based: 0x0000000082000000
Narrow klass base: 0x0000000000000000, Narrow klass shift: 0

GC Heap History (0 events):
No events

Deoptimization events (0 events):
No events

Classes redefined (0 events):
No events

Internal exceptions (0 events):
No events

Events (1 events):
Event: 0.033 Loaded shared library C:\Program Files\Eclipse Adoptium\jdk-11.0.17.8-hotspot\bin\zip.dll


Dynamic libraries:
0x00007ff6d8870000 - 0x00007ff6d887d000 	C:\Program Files\Eclipse Adoptium\jdk-11.0.17.8-hotspot\bin\java.exe
0x00007ffc53470000 - 0x00007ffc53668000 	C:\WINDOWS\SYSTEM32\ntdll.dll
0x00007ffc52350000 - 0x00007ffc5240f000 	C:\WINDOWS\System32\KERNEL32.DLL
0x00007ffc511d0000 - 0x00007ffc514a2000 	C:\WINDOWS\System32\KERNELBASE.dll
0x0000000072160000 - 0x0000000072491000 	C:\Program Files\Norton Security\NortonData\22.22.2.10\Definitions\IPSDefs\20230301.061\IPSEng64.dll
0x00007ffc52fb0000 - 0x00007ffc5305e000 	C:\WINDOWS\System32\ADVAPI32.dll
0x00007ffc528a0000 - 0x00007ffc5293e000 	C:\WINDOWS\System32\msvcrt.dll
0x00007ffc53390000 - 0x00007ffc5342c000 	C:\WINDOWS\System32\sechost.dll
0x00007ffc514b0000 - 0x00007ffc515d5000 	C:\WINDOWS\System32\RPCRT4.dll
0x00007ffc52fa0000 - 0x00007ffc52fa8000 	C:\WINDOWS\System32\PSAPI.DLL
0x00007ffc50c00000 - 0x00007ffc50d00000 	C:\WINDOWS\System32\ucrtbase.dll
0x00007ffc47f20000 - 0x00007ffc47f37000 	C:\Program Files\Eclipse Adoptium\jdk-11.0.17.8-hotspot\bin\jli.dll
0x00007ffc517a0000 - 0x00007ffc51941000 	C:\WINDOWS\System32\USER32.dll
0x00007ffc511a0000 - 0x00007ffc511c2000 	C:\WINDOWS\System32\win32u.dll
0x00007ffc51950000 - 0x00007ffc5197b000 	C:\WINDOWS\System32\GDI32.dll
0x00007ffc50d00000 - 0x00007ffc50e0f000 	C:\WINDOWS\System32\gdi32full.dll
0x00007ffc4a110000 - 0x00007ffc4a125000 	C:\Program Files\Eclipse Adoptium\jdk-11.0.17.8-hotspot\bin\VCRUNTIME140.dll
0x00007ffc50f10000 - 0x00007ffc50fad000 	C:\WINDOWS\System32\msvcp_win.dll
0x00007ffc39c60000 - 0x00007ffc39efa000 	C:\WINDOWS\WinSxS\amd64_microsoft.windows.common-controls_6595b64144ccf1df_6.0.19041.1110_none_60b5254171f9507e\COMCTL32.dll
0x00007ffc516a0000 - 0x00007ffc516d2000 	C:\WINDOWS\System32\IMM32.DLL
0x00007ffc445b0000 - 0x00007ffc4464b000 	C:\Program Files\Eclipse Adoptium\jdk-11.0.17.8-hotspot\bin\msvcp140.dll
0x00007ffbf6f90000 - 0x00007ffbf7b12000 	C:\Program Files\Eclipse Adoptium\jdk-11.0.17.8-hotspot\bin\server\jvm.dll
0x00007ffc39910000 - 0x00007ffc39919000 	C:\WINDOWS\SYSTEM32\WSOCK32.dll
0x00007ffc52ca0000 - 0x00007ffc52d0b000 	C:\WINDOWS\System32\WS2_32.dll
0x00007ffc45000000 - 0x00007ffc45027000 	C:\WINDOWS\SYSTEM32\WINMM.dll
0x00007ffc49c50000 - 0x00007ffc49c5a000 	C:\WINDOWS\SYSTEM32\VERSION.dll
0x00007ffc4f3c0000 - 0x00007ffc4f3d2000 	C:\WINDOWS\SYSTEM32\kernel.appcore.dll
0x00007ffc4b7c0000 - 0x00007ffc4b7d0000 	C:\Program Files\Eclipse Adoptium\jdk-11.0.17.8-hotspot\bin\verify.dll
0x00007ffc486a0000 - 0x00007ffc48884000 	C:\WINDOWS\SYSTEM32\DBGHELP.DLL
0x00007ffc48660000 - 0x00007ffc48695000 	C:\WINDOWS\SYSTEM32\dbgcore.DLL
0x00007ffc51110000 - 0x00007ffc51192000 	C:\WINDOWS\System32\bcryptPrimitives.dll
0x00007ffc45670000 - 0x00007ffc45698000 	C:\Program Files\Eclipse Adoptium\jdk-11.0.17.8-hotspot\bin\java.dll
0x00007ffc4a650000 - 0x00007ffc4a65a000 	C:\Program Files\Eclipse Adoptium\jdk-11.0.17.8-hotspot\bin\jimage.dll
0x00007ffc44f10000 - 0x00007ffc44f28000 	C:\Program Files\Eclipse Adoptium\jdk-11.0.17.8-hotspot\bin\zip.dll

dbghelp: loaded successfully - version: 4.0.5 - missing functions: none
symbol engine: initialized successfully - sym options: 0x614 - pdb path: .;C:\Program Files\Eclipse Adoptium\jdk-11.0.17.8-hotspot\bin;C:\WINDOWS\SYSTEM32;C:\Program Files\Norton Security\NortonData\22.22.2.10\Definitions\IPSDefs\20230301.061;C:\WINDOWS\WinSxS\amd64_microsoft.windows.common-controls_6595b64144ccf1df_6.0.19041.1110_none_60b5254171f9507e;C:\Program Files\Eclipse Adoptium\jdk-11.0.17.8-hotspot\bin\server

VM Arguments:
java_command: org.jetbrains.kotlin.cli.jvm.K2JVMCompiler @C:\Users\Nosegay\Documents\workspace\movie_app\node_modules\react-native-screens\android\build\20230302_4665714593086639190.compiler.options
java_class_path (initial): C:\Users\Nosegay\.gradle\caches\modules-2\files-2.1\org.jetbrains.kotlin\kotlin-compiler-embeddable\1.6.21\97bdd5a752ce73b58ef16c17bc7f0ea2faff7a2e\kotlin-compiler-embeddable-1.6.21.jar;C:\Users\Nosegay\.gradle\caches\modules-2\files-2.1\org.jetbrains.kotlin\kotlin-reflect\1.6.21\5dc3574d9b7bebfcb4ec6b10ada4aaa9e140bd0b\kotlin-reflect-1.6.21.jar;C:\Users\Nosegay\.gradle\caches\modules-2\files-2.1\org.jetbrains.kotlin\kotlin-stdlib\1.6.21\11ef67f1900634fd951bad28c53ec957fabbe5b8\kotlin-stdlib-1.6.21.jar;C:\Users\Nosegay\.gradle\caches\modules-2\files-2.1\org.jetbrains.kotlin\kotlin-script-runtime\1.6.21\99c6675100da5d6d5b1c5a1032f27f28008d101b\kotlin-script-runtime-1.6.21.jar;C:\Users\Nosegay\.gradle\caches\modules-2\files-2.1\org.jetbrains.kotlin\kotlin-daemon-embeddable\1.6.21\46b78cf392e1c4f10854c3cadba44abb7b82250f\kotlin-daemon-embeddable-1.6.21.jar;C:\Users\Nosegay\.gradle\caches\modules-2\files-2.1\org.jetbrains.intellij.deps\trove4j\1.0.20200330\3afb14d5f9ceb459d724e907a21145e8ff394f02\trove4j-1.0.20200330.jar;C:\Users\Nosegay\.gradle\caches\modules-2\files-2.1\net.java.dev.jna\jna\5.6.0\330f2244e9030119ab3030fc3fededc86713d9cc\jna-5.6.0.jar;C:\Users\Nosegay\.gradle\caches\modules-2\files-2.1\org.jetbrains.kotlin\kotlin-stdlib-common\1.6.21\5e5b55c26dbc80372a920aef60eb774b714559b8\kotlin-stdlib-common-1.6.21.jar;C:\Users\Nosegay\.gradle\caches\modules-2\files-2.1\org.jetbrains\annotations\13.0\919f0dfe192fb4e063e7dacadee7f8bb9a2672a9\annotations-13.0.jar
Launcher Type: SUN_STANDARD

[Global flags]
     intx CICompilerCount                          = 3                                         {product} {ergonomic}
     uint ConcGCThreads                            = 1                                         {product} {ergonomic}
     uint G1ConcRefinementThreads                  = 4                                         {product} {ergonomic}
   size_t G1HeapRegionSize                         = 1048576                                   {product} {ergonomic}
    uintx GCDrainStackTargetSize                   = 64                                        {product} {ergonomic}
   size_t InitialHeapSize                          = 132120576                                 {product} {ergonomic}
   size_t MarkStackSize                            = 4194304                                   {product} {ergonomic}
   size_t MaxHeapSize                              = 2113929216                                {product} {ergonomic}
   size_t MinHeapDeltaBytes                        = 1048576                                   {product} {ergonomic}
    uintx NonNMethodCodeHeapSize                   = 5830732                                {pd product} {ergonomic}
    uintx NonProfiledCodeHeapSize                  = 122913754                              {pd product} {ergonomic}
    uintx ProfiledCodeHeapSize                     = 122913754                              {pd product} {ergonomic}
    uintx ReservedCodeCacheSize                    = 251658240                              {pd product} {ergonomic}
     bool SegmentedCodeCache                       = true                                      {product} {ergonomic}
     bool UseCompressedClassPointers               = true                                 {lp64_product} {ergonomic}
     bool UseCompressedOops                        = true                                 {lp64_product} {ergonomic}
     bool UseG1GC                                  = true                                      {product} {ergonomic}
     bool UseLargePagesIndividualAllocation        = false                                  {pd product} {ergonomic}

Logging:
Log output configuration:
 #0: stdout all=warning uptime,level,tags
 #1: stderr all=off uptime,level,tags

Environment Variables:
JAVA_HOME=C:\Program Files\Eclipse Adoptium\jdk-11.0.17.8-hotspot
CLASSPATH=C:\Users\Nosegay\Documents\workspace\movie_app\android\\gradle\wrapper\gradle-wrapper.jar
PATH=C:\Users\Nosegay\Documents\workspace\movie_app\android\node_modules\.bin;C:\Users\Nosegay\Documents\workspace\movie_app\node_modules\.bin;C:\Users\Nosegay\Documents\workspace\node_modules\.bin;C:\Users\Nosegay\Documents\node_modules\.bin;C:\Users\Nosegay\node_modules\.bin;C:\Users\node_modules\.bin;C:\node_modules\.bin;C:\Program Files\nodejs;C:\Users\Nosegay\AppData\Local\Temp\yarn--1677749992718-0.20522288340093597;C:\Users\Nosegay\Documents\workspace\movie_app\node_modules\.bin;C:\Users\Nosegay\AppData\Local\Yarn\Data\link\node_modules\.bin;C:\Users\Nosegay\AppData\Local\Yarn\bin;C:\Program Files\libexec\lib\node_modules\npm\bin\node-gyp-bin;C:\Program Files\lib\node_modules\npm\bin\node-gyp-bin;C:\Program Files\nodejs\node_modules\npm\bin\node-gyp-bin;C:\Program Files\Eclipse Adoptium\jdk-11.0.17.8-hotspot\bin;C:\ProgramData\Oracle\Java\javapath;C:\Program Files\Intel\iCLS Client\;C:\WINDOWS\system32;C:\WINDOWS;C:\WINDOWS\System32\Wbem;C:\WINDOWS\System32\WindowsPowerShell\v1.0\;C:\Program Files\Lenovo\Touch Fingerprint Software\;C:\Program Files (x86)\Common Files\Lenovo;C:\ProgramData\Lenovo\ReadyApps;C:\Program Files (x86)\Lenovo\Access Connections\;C:\WINDOWS\System32\OpenSSH\;C:\Program Files\Intel\WiFi\bin\;C:\Program Files\Common Files\Intel\WirelessCommon\;C:\Program Files (x86)\Intel\Intel(R) Management Engine Components\DAL;C:\Program Files\Intel\Intel(R) Management Engine Components\DAL;C:\Program Files\Git\cmd;C:\Program Files\nodejs\;C:\Program Files\PuTTY\;C:\ProgramData\chocolatey\bin;C:\Users\Nosegay\AppData\Local\Programs\Microsoft VS Code\bin;C:\Users\Nosegay\AppData\Local\Microsoft\WindowsApps;C:\Users\Nosegay\AppData\Roaming\npm;C:\Program Files\heroku\bin;C:\Users\Nosegay\AppData\Local\Android\Sdk\platform-tools;
USERNAME=Nosegay
LANG=en_US.UTF-8
OS=Windows_NT
PROCESSOR_IDENTIFIER=Intel64 Family 6 Model 78 Stepping 3, GenuineIntel
TMP=C:\Users\Nosegay\AppData\Local\Temp
TEMP=C:\Users\Nosegay\AppData\Local\Temp



---------------  S Y S T E M  ---------------

OS: Windows 10 , 64 bit Build 19041 (10.0.19041.2546)
OS uptime: 11 days 1:39 hours
Hyper-V role detected

CPU:total 4 (initial active 4) (2 cores per cpu, 2 threads per core) family 6 model 78 stepping 3 microcode 0xf0, cmov, cx8, fxsr, mmx, sse, sse2, sse3, ssse3, sse4.1, sse4.2, popcnt, avx, avx2, aes, clmul, erms, rtm, 3dnowpref, lzcnt, ht, tsc, tscinvbit, bmi1, bmi2, adx, fma

Memory: 4k page, system-wide physical 8063M (271M free)
TotalPageFile size 17534M (AvailPageFile size 63M)
current process WorkingSet (physical memory assigned to process): 10M, peak: 10M
current process commit charge ("private bytes"): 52M, peak: 178M

vm_info: OpenJDK 64-Bit Server VM (11.0.17+8) for windows-amd64 JRE (11.0.17+8), built on Oct 19 2022 00:04:05 by "" with MS VC++ 15.9 (VS2017)

END.
