#
# There is insufficient memory for the Java Runtime Environment to continue.
# Native memory allocation (malloc) failed to allocate 471856 bytes for Chunk::new
# Possible reasons:
#   The system is out of physical RAM or swap space
#   The process is running with CompressedOops enabled, and the Java Heap may be blocking the growth of the native heap
# Possible solutions:
#   Reduce memory load on the system
#   Increase physical memory or swap space
#   Check if swap backing store is full
#   Decrease Java heap size (-Xmx/-Xms)
#   Decrease number of Java threads
#   Decrease Java thread stack sizes (-Xss)
#   Set larger code cache with -XX:ReservedCodeCacheSize=
#   JVM is running with Unscaled Compressed Oops mode in which the Java heap is
#     placed in the first 4GB address space. The Java Heap base address is the
#     maximum limit for the native heap growth. Please use -XX:HeapBaseMinAddress
#     to set the Java Heap base and to place the Java Heap above 4GB virtual address.
# This output file may be truncated or incomplete.
#
#  Out of Memory Error (./src/hotspot/share/memory/arena.cpp:197), pid=15344, tid=16952
#
# JRE version: OpenJDK Runtime Environment Temurin-11.0.17+8 (11.0.17+8) (build 11.0.17+8)
# Java VM: OpenJDK 64-Bit Server VM Temurin-11.0.17+8 (11.0.17+8, mixed mode, tiered, compressed oops, g1 gc, windows-amd64)
# No core dump will be written. Minidumps are not enabled by default on client versions of Windows
#

---------------  S U M M A R Y ------------

Command Line: -XX:MaxMetaspaceSize=512m --add-opens=java.base/java.util=ALL-UNNAMED --add-opens=java.base/java.lang=ALL-UNNAMED --add-opens=java.base/java.lang.invoke=ALL-UNNAMED --add-opens=java.base/java.util=ALL-UNNAMED --add-opens=java.prefs/java.util.prefs=ALL-UNNAMED --add-opens=java.prefs/java.util.prefs=ALL-UNNAMED --add-opens=java.base/java.nio.charset=ALL-UNNAMED --add-opens=java.base/java.net=ALL-UNNAMED --add-opens=java.base/java.util.concurrent.atomic=ALL-UNNAMED -Xmx2048m -Dfile.encoding=windows-1252 -Duser.country=US -Duser.language=en -Duser.variant org.gradle.launcher.daemon.bootstrap.GradleDaemon 7.5.1

Host: Intel(R) Core(TM) i5-6300U CPU @ 2.40GHz, 4 cores, 7G,  Windows 10 , 64 bit Build 19041 (10.0.19041.2546)
Time: Wed Mar  1 21:39:17 2023 Pacific Standard Time elapsed time: 44.999961 seconds (0d 0h 0m 44s)

---------------  T H R E A D  ---------------

Current thread (0x0000017bfe81b800):  JavaThread "C2 CompilerThread0" daemon [_thread_in_native, id=16952, stack(0x000000330eb00000,0x000000330ec00000)]


Current CompileTask:
C2:  45000 3437       4       jdk.internal.loader.URLClassPath::getResource (74 bytes)

Stack: [0x000000330eb00000,0x000000330ec00000]
Native frames: (J=compiled Java code, j=interpreted, Vv=VM code, C=native code)
V  [jvm.dll+0x61f5ba]
V  [jvm.dll+0x7abf79]
V  [jvm.dll+0x7ad668]
V  [jvm.dll+0x7add43]
V  [jvm.dll+0x24fd88]
V  [jvm.dll+0xc262c]
V  [jvm.dll+0xc2bec]
V  [jvm.dll+0x359f42]
V  [jvm.dll+0x326123]
V  [jvm.dll+0x32545a]
V  [jvm.dll+0x209053]
V  [jvm.dll+0x20815d]
V  [jvm.dll+0x18a3b1]
V  [jvm.dll+0x217a34]
V  [jvm.dll+0x215c7b]
V  [jvm.dll+0x76ea70]
V  [jvm.dll+0x7679a4]
V  [jvm.dll+0x61e425]
C  [ucrtbase.dll+0x21bb2]
C  [KERNEL32.DLL+0x17614]
C  [ntdll.dll+0x526a1]


---------------  P R O C E S S  ---------------

Threads class SMR info:
_java_thread_list=0x0000017b9f48cd30, length=32, elements={
0x0000017bfd654800, 0x0000017bfe807000, 0x0000017bfe80a800, 0x0000017bfe817000,
0x0000017bfe819000, 0x0000017bfe81a000, 0x0000017bfe81b800, 0x0000017bfe81c800,
0x0000017bfe82e000, 0x0000017bff2d8800, 0x0000017b9e553000, 0x0000017b9e151800,
0x0000017b9dbec000, 0x0000017b9e6f7800, 0x0000017b9e1e2000, 0x0000017bff246800,
0x0000017b9e570000, 0x0000017b9e2cd000, 0x0000017bffa25000, 0x0000017bffa26000,
0x0000017b9d815000, 0x0000017b9d811000, 0x0000017b9d811800, 0x0000017b9d812800,
0x0000017b9d814000, 0x0000017b9d813800, 0x0000017b9d810000, 0x0000017b9d80f800,
0x0000017b9d816000, 0x0000017b9daf9000, 0x0000017b9dafa800, 0x0000017b9dafc800
}

Java Threads: ( => current thread )
  0x0000017bfd654800 JavaThread "main" [_thread_blocked, id=13256, stack(0x000000330df00000,0x000000330e000000)]
  0x0000017bfe807000 JavaThread "Reference Handler" daemon [_thread_blocked, id=9740, stack(0x000000330e600000,0x000000330e700000)]
  0x0000017bfe80a800 JavaThread "Finalizer" daemon [_thread_blocked, id=21216, stack(0x000000330e700000,0x000000330e800000)]
  0x0000017bfe817000 JavaThread "Signal Dispatcher" daemon [_thread_blocked, id=4228, stack(0x000000330e800000,0x000000330e900000)]
  0x0000017bfe819000 JavaThread "Attach Listener" daemon [_thread_blocked, id=18100, stack(0x000000330e900000,0x000000330ea00000)]
  0x0000017bfe81a000 JavaThread "Service Thread" daemon [_thread_blocked, id=520, stack(0x000000330ea00000,0x000000330eb00000)]
=>0x0000017bfe81b800 JavaThread "C2 CompilerThread0" daemon [_thread_in_native, id=16952, stack(0x000000330eb00000,0x000000330ec00000)]
  0x0000017bfe81c800 JavaThread "C1 CompilerThread0" daemon [_thread_blocked, id=10012, stack(0x000000330ec00000,0x000000330ed00000)]
  0x0000017bfe82e000 JavaThread "Sweeper thread" daemon [_thread_blocked, id=15852, stack(0x000000330ed00000,0x000000330ee00000)]
  0x0000017bff2d8800 JavaThread "Common-Cleaner" daemon [_thread_blocked, id=14628, stack(0x000000330ee00000,0x000000330ef00000)]
  0x0000017b9e553000 JavaThread "Daemon health stats" [_thread_blocked, id=10328, stack(0x000000330f200000,0x000000330f300000)]
  0x0000017b9e151800 JavaThread "Incoming local TCP Connector on port 62918" [_thread_in_native, id=10404, stack(0x000000330f300000,0x000000330f400000)]
  0x0000017b9dbec000 JavaThread "Daemon periodic checks" [_thread_blocked, id=11680, stack(0x000000330f700000,0x000000330f800000)]
  0x0000017b9e6f7800 JavaThread "Daemon" [_thread_blocked, id=3576, stack(0x000000330f800000,0x000000330f900000)]
  0x0000017b9e1e2000 JavaThread "Handler for socket connection from /127.0.0.1:62918 to /127.0.0.1:62919" [_thread_in_native, id=9556, stack(0x000000330f900000,0x000000330fa00000)]
  0x0000017bff246800 JavaThread "Cancel handler" [_thread_blocked, id=13520, stack(0x000000330fa00000,0x000000330fb00000)]
  0x0000017b9e570000 JavaThread "Daemon worker" [_thread_in_vm, id=21500, stack(0x000000330fb00000,0x000000330fc00000)]
  0x0000017b9e2cd000 JavaThread "Asynchronous log dispatcher for DefaultDaemonConnection: socket connection from /127.0.0.1:62918 to /127.0.0.1:62919" [_thread_blocked, id=14992, stack(0x000000330fc00000,0x000000330fd00000)]
  0x0000017bffa25000 JavaThread "Stdin handler" [_thread_blocked, id=14832, stack(0x000000330fd00000,0x000000330fe00000)]
  0x0000017bffa26000 JavaThread "Daemon client event forwarder" [_thread_blocked, id=14740, stack(0x000000330fe00000,0x000000330ff00000)]
  0x0000017b9d815000 JavaThread "Cache worker for journal cache (C:\Users\Nosegay\.gradle\caches\journal-1)" [_thread_blocked, id=10792, stack(0x000000330ff00000,0x0000003310000000)]
  0x0000017b9d811000 JavaThread "File lock request listener" [_thread_in_native, id=13280, stack(0x0000003310000000,0x0000003310100000)]
  0x0000017b9d811800 JavaThread "Cache worker for file hash cache (C:\Users\Nosegay\.gradle\caches\7.5.1\fileHashes)" [_thread_blocked, id=8396, stack(0x0000003310100000,0x0000003310200000)]
  0x0000017b9d812800 JavaThread "File lock release action executor" [_thread_blocked, id=17692, stack(0x0000003310200000,0x0000003310300000)]
  0x0000017b9d814000 JavaThread "File watcher server" daemon [_thread_in_native, id=12240, stack(0x0000003310300000,0x0000003310400000)]
  0x0000017b9d813800 JavaThread "File watcher consumer" daemon [_thread_blocked, id=11268, stack(0x0000003310400000,0x0000003310500000)]
  0x0000017b9d810000 JavaThread "Cache worker for checksums cache (C:\Users\Nosegay\Documents\workspace\movie_app\android\.gradle\7.5.1\checksums)" [_thread_blocked, id=20876, stack(0x0000003310500000,0x0000003310600000)]
  0x0000017b9d80f800 JavaThread "Cache worker for cache directory md-rule (C:\Users\Nosegay\.gradle\caches\7.5.1\md-rule)" [_thread_blocked, id=7136, stack(0x0000003310600000,0x0000003310700000)]
  0x0000017b9d816000 JavaThread "Cache worker for file content cache (C:\Users\Nosegay\.gradle\caches\7.5.1\fileContent)" [_thread_blocked, id=10552, stack(0x0000003310700000,0x0000003310800000)]
  0x0000017b9daf9000 JavaThread "Cache worker for file hash cache (C:\Users\Nosegay\Documents\workspace\movie_app\android\.gradle\7.5.1\fileHashes)" [_thread_blocked, id=7328, stack(0x0000003310800000,0x0000003310900000)]
  0x0000017b9dafa800 JavaThread "Cache worker for cache directory md-supplier (C:\Users\Nosegay\.gradle\caches\7.5.1\md-supplier)" [_thread_blocked, id=17640, stack(0x0000003310900000,0x0000003310a00000)]
  0x0000017b9dafc800 JavaThread "Cache worker for execution history cache (C:\Users\Nosegay\.gradle\caches\7.5.1\executionHistory)" [_thread_blocked, id=256, stack(0x0000003310a00000,0x0000003310b00000)]

Other Threads:
  0x0000017bfe7f0800 VMThread "VM Thread" [stack: 0x000000330e500000,0x000000330e600000] [id=9948]
  0x0000017bff2fc000 WatcherThread [stack: 0x000000330ef00000,0x000000330f000000] [id=16700]
  0x0000017bfd66c000 GCTaskThread "GC Thread#0" [stack: 0x000000330e000000,0x000000330e100000] [id=6848]
  0x0000017bff8f9000 GCTaskThread "GC Thread#1" [stack: 0x000000330f000000,0x000000330f100000] [id=2756]
  0x0000017bff8fa000 GCTaskThread "GC Thread#2" [stack: 0x000000330f100000,0x000000330f200000] [id=3324]
  0x0000017b9dfb4000 GCTaskThread "GC Thread#3" [stack: 0x000000330f400000,0x000000330f500000] [id=1132]
  0x0000017bfd69d000 ConcurrentGCThread "G1 Main Marker" [stack: 0x000000330e100000,0x000000330e200000] [id=19788]
  0x0000017bfd69e000 ConcurrentGCThread "G1 Conc#0" [stack: 0x000000330e200000,0x000000330e300000] [id=11280]
  0x0000017bfd6fe800 ConcurrentGCThread "G1 Refine#0" [stack: 0x000000330e300000,0x000000330e400000] [id=12396]
  0x0000017bffa71000 ConcurrentGCThread "G1 Refine#1" [stack: 0x000000330f500000,0x000000330f600000] [id=11152]
  0x0000017bffd27800 ConcurrentGCThread "G1 Refine#2" [stack: 0x000000330f600000,0x000000330f700000] [id=17264]
  0x0000017bfe65b800 ConcurrentGCThread "G1 Young RemSet Sampling" [stack: 0x000000330e400000,0x000000330e500000] [id=14908]

Threads with active compile tasks:
C2 CompilerThread0    45113 3437       4       jdk.internal.loader.URLClassPath::getResource (74 bytes)

VM state:not at safepoint (normal execution)

VM Mutex/Monitor currently owned by a thread: None

Heap address: 0x0000000080000000, size: 2048 MB, Compressed Oops mode: 32-bit
Narrow klass base: 0x0000000000000000, Narrow klass shift: 3
Compressed class space size: 528482304 Address: 0x0000000100000000

Heap:
 garbage-first heap   total 129024K, used 25918K [0x0000000080000000, 0x0000000100000000)
  region size 1024K, 8 young (8192K), 7 survivors (7168K)
 Metaspace       used 37746K, capacity 38662K, committed 38864K, reserved 557056K
  class space    used 4800K, capacity 5136K, committed 5248K, reserved 516096K
Heap Regions: E=young(eden), S=young(survivor), O=old, HS=humongous(starts), HC=humongous(continues), CS=collection set, F=free, A=archive, TAMS=top-at-mark-start (previous, next)
|   0|0x0000000080000000, 0x0000000080100000, 0x0000000080100000|100%|HS|  |TAMS 0x0000000080100000, 0x0000000080100000| Complete 
|   1|0x0000000080100000, 0x0000000080200000, 0x0000000080200000|100%|HC|  |TAMS 0x0000000080200000, 0x0000000080200000| Complete 
|   2|0x0000000080200000, 0x0000000080300000, 0x0000000080300000|100%|HC|  |TAMS 0x0000000080300000, 0x0000000080300000| Complete 
|   3|0x0000000080300000, 0x0000000080400000, 0x0000000080400000|100%| O|  |TAMS 0x0000000080400000, 0x0000000080400000| Untracked 
|   4|0x0000000080400000, 0x0000000080500000, 0x0000000080500000|100%| O|  |TAMS 0x0000000080500000, 0x0000000080500000| Untracked 
|   5|0x0000000080500000, 0x0000000080600000, 0x0000000080600000|100%| O|  |TAMS 0x0000000080600000, 0x0000000080600000| Untracked 
|   6|0x0000000080600000, 0x0000000080700000, 0x0000000080700000|100%| O|  |TAMS 0x0000000080700000, 0x0000000080700000| Untracked 
|   7|0x0000000080700000, 0x0000000080800000, 0x0000000080800000|100%| O|  |TAMS 0x0000000080800000, 0x0000000080800000| Untracked 
|   8|0x0000000080800000, 0x0000000080900000, 0x0000000080900000|100%| O|  |TAMS 0x0000000080900000, 0x0000000080900000| Untracked 
|   9|0x0000000080900000, 0x0000000080a00000, 0x0000000080a00000|100%| O|  |TAMS 0x0000000080a00000, 0x0000000080a00000| Untracked 
|  10|0x0000000080a00000, 0x0000000080b00000, 0x0000000080b00000|100%| O|  |TAMS 0x0000000080b00000, 0x0000000080b00000| Untracked 
|  11|0x0000000080b00000, 0x0000000080c00000, 0x0000000080c00000|100%| O|  |TAMS 0x0000000080c00000, 0x0000000080c00000| Untracked 
|  12|0x0000000080c00000, 0x0000000080d00000, 0x0000000080d00000|100%| O|  |TAMS 0x0000000080d00000, 0x0000000080d00000| Untracked 
|  13|0x0000000080d00000, 0x0000000080e00000, 0x0000000080e00000|100%| O|  |TAMS 0x0000000080e00000, 0x0000000080e00000| Untracked 
|  14|0x0000000080e00000, 0x0000000080f00000, 0x0000000080f00000|100%| O|  |TAMS 0x0000000080f00000, 0x0000000080f00000| Untracked 
|  15|0x0000000080f00000, 0x0000000081000000, 0x0000000081000000|100%| O|  |TAMS 0x0000000081000000, 0x0000000081000000| Untracked 
|  16|0x0000000081000000, 0x0000000081100000, 0x0000000081100000|100%| O|  |TAMS 0x00000000810c1800, 0x0000000081100000| Untracked 
|  17|0x0000000081100000, 0x0000000081200000, 0x0000000081200000|100%| O|  |TAMS 0x0000000081100000, 0x0000000081200000| Untracked 
|  18|0x0000000081200000, 0x00000000812d9a00, 0x0000000081300000| 85%| O|  |TAMS 0x0000000081200000, 0x00000000812d9a00| Untracked 
|  19|0x0000000081300000, 0x0000000081300000, 0x0000000081400000|  0%| F|  |TAMS 0x0000000081300000, 0x0000000081300000| Untracked 
|  20|0x0000000081400000, 0x0000000081400000, 0x0000000081500000|  0%| F|  |TAMS 0x0000000081400000, 0x0000000081400000| Untracked 
|  21|0x0000000081500000, 0x0000000081500000, 0x0000000081600000|  0%| F|  |TAMS 0x0000000081500000, 0x0000000081500000| Untracked 
|  22|0x0000000081600000, 0x0000000081600000, 0x0000000081700000|  0%| F|  |TAMS 0x0000000081600000, 0x0000000081600000| Untracked 
|  23|0x0000000081700000, 0x0000000081700000, 0x0000000081800000|  0%| F|  |TAMS 0x0000000081700000, 0x0000000081700000| Untracked 
|  24|0x0000000081800000, 0x0000000081800000, 0x0000000081900000|  0%| F|  |TAMS 0x0000000081800000, 0x0000000081800000| Untracked 
|  25|0x0000000081900000, 0x0000000081900000, 0x0000000081a00000|  0%| F|  |TAMS 0x0000000081900000, 0x0000000081900000| Untracked 
|  26|0x0000000081a00000, 0x0000000081a00000, 0x0000000081b00000|  0%| F|  |TAMS 0x0000000081a00000, 0x0000000081a00000| Untracked 
|  27|0x0000000081b00000, 0x0000000081b00000, 0x0000000081c00000|  0%| F|  |TAMS 0x0000000081b00000, 0x0000000081b00000| Untracked 
|  28|0x0000000081c00000, 0x0000000081c00000, 0x0000000081d00000|  0%| F|  |TAMS 0x0000000081c00000, 0x0000000081c00000| Untracked 
|  29|0x0000000081d00000, 0x0000000081d00000, 0x0000000081e00000|  0%| F|  |TAMS 0x0000000081d00000, 0x0000000081d00000| Untracked 
|  30|0x0000000081e00000, 0x0000000081e00000, 0x0000000081f00000|  0%| F|  |TAMS 0x0000000081e00000, 0x0000000081e00000| Untracked 
|  31|0x0000000081f00000, 0x0000000081f00000, 0x0000000082000000|  0%| F|  |TAMS 0x0000000081f00000, 0x0000000081f00000| Untracked 
|  32|0x0000000082000000, 0x0000000082000000, 0x0000000082100000|  0%| F|  |TAMS 0x0000000082000000, 0x0000000082000000| Untracked 
|  33|0x0000000082100000, 0x0000000082100000, 0x0000000082200000|  0%| F|  |TAMS 0x0000000082100000, 0x0000000082100000| Untracked 
|  34|0x0000000082200000, 0x0000000082200000, 0x0000000082300000|  0%| F|  |TAMS 0x0000000082200000, 0x0000000082200000| Untracked 
|  35|0x0000000082300000, 0x0000000082300000, 0x0000000082400000|  0%| F|  |TAMS 0x0000000082300000, 0x0000000082300000| Untracked 
|  36|0x0000000082400000, 0x0000000082400000, 0x0000000082500000|  0%| F|  |TAMS 0x0000000082400000, 0x0000000082400000| Untracked 
|  37|0x0000000082500000, 0x0000000082500000, 0x0000000082600000|  0%| F|  |TAMS 0x0000000082500000, 0x0000000082500000| Untracked 
|  38|0x0000000082600000, 0x0000000082600000, 0x0000000082700000|  0%| F|  |TAMS 0x0000000082600000, 0x0000000082600000| Untracked 
|  39|0x0000000082700000, 0x0000000082700000, 0x0000000082800000|  0%| F|  |TAMS 0x0000000082700000, 0x0000000082700000| Untracked 
|  40|0x0000000082800000, 0x0000000082800000, 0x0000000082900000|  0%| F|  |TAMS 0x0000000082800000, 0x0000000082800000| Untracked 
|  41|0x0000000082900000, 0x0000000082900000, 0x0000000082a00000|  0%| F|  |TAMS 0x0000000082900000, 0x0000000082900000| Untracked 
|  42|0x0000000082a00000, 0x0000000082a00000, 0x0000000082b00000|  0%| F|  |TAMS 0x0000000082a00000, 0x0000000082a00000| Untracked 
|  43|0x0000000082b00000, 0x0000000082b00000, 0x0000000082c00000|  0%| F|  |TAMS 0x0000000082b00000, 0x0000000082b00000| Untracked 
|  44|0x0000000082c00000, 0x0000000082c00000, 0x0000000082d00000|  0%| F|  |TAMS 0x0000000082c00000, 0x0000000082c00000| Untracked 
|  45|0x0000000082d00000, 0x0000000082d00000, 0x0000000082e00000|  0%| F|  |TAMS 0x0000000082d00000, 0x0000000082d00000| Untracked 
|  46|0x0000000082e00000, 0x0000000082e00000, 0x0000000082f00000|  0%| F|  |TAMS 0x0000000082e00000, 0x0000000082e00000| Untracked 
|  47|0x0000000082f00000, 0x0000000082f00000, 0x0000000083000000|  0%| F|  |TAMS 0x0000000082f00000, 0x0000000082f00000| Untracked 
|  48|0x0000000083000000, 0x0000000083000000, 0x0000000083100000|  0%| F|  |TAMS 0x0000000083000000, 0x0000000083000000| Untracked 
|  49|0x0000000083100000, 0x0000000083100000, 0x0000000083200000|  0%| F|  |TAMS 0x0000000083100000, 0x0000000083100000| Untracked 
|  50|0x0000000083200000, 0x0000000083200000, 0x0000000083300000|  0%| F|  |TAMS 0x0000000083200000, 0x0000000083200000| Untracked 
|  51|0x0000000083300000, 0x0000000083300000, 0x0000000083400000|  0%| F|  |TAMS 0x0000000083300000, 0x0000000083300000| Untracked 
|  52|0x0000000083400000, 0x0000000083400000, 0x0000000083500000|  0%| F|  |TAMS 0x0000000083400000, 0x0000000083400000| Untracked 
|  53|0x0000000083500000, 0x0000000083500000, 0x0000000083600000|  0%| F|  |TAMS 0x0000000083500000, 0x0000000083500000| Untracked 
|  54|0x0000000083600000, 0x0000000083600000, 0x0000000083700000|  0%| F|  |TAMS 0x0000000083600000, 0x0000000083600000| Untracked 
|  55|0x0000000083700000, 0x0000000083700000, 0x0000000083800000|  0%| F|  |TAMS 0x0000000083700000, 0x0000000083700000| Untracked 
|  56|0x0000000083800000, 0x0000000083800000, 0x0000000083900000|  0%| F|  |TAMS 0x0000000083800000, 0x0000000083800000| Untracked 
|  57|0x0000000083900000, 0x0000000083900000, 0x0000000083a00000|  0%| F|  |TAMS 0x0000000083900000, 0x0000000083900000| Untracked 
|  58|0x0000000083a00000, 0x0000000083a00000, 0x0000000083b00000|  0%| F|  |TAMS 0x0000000083a00000, 0x0000000083a00000| Untracked 
|  59|0x0000000083b00000, 0x0000000083b00000, 0x0000000083c00000|  0%| F|  |TAMS 0x0000000083b00000, 0x0000000083b00000| Untracked 
|  60|0x0000000083c00000, 0x0000000083c00000, 0x0000000083d00000|  0%| F|  |TAMS 0x0000000083c00000, 0x0000000083c00000| Untracked 
|  61|0x0000000083d00000, 0x0000000083d00000, 0x0000000083e00000|  0%| F|  |TAMS 0x0000000083d00000, 0x0000000083d00000| Untracked 
|  62|0x0000000083e00000, 0x0000000083e00000, 0x0000000083f00000|  0%| F|  |TAMS 0x0000000083e00000, 0x0000000083e00000| Untracked 
|  63|0x0000000083f00000, 0x0000000083f00000, 0x0000000084000000|  0%| F|  |TAMS 0x0000000083f00000, 0x0000000083f00000| Untracked 
|  64|0x0000000084000000, 0x0000000084000000, 0x0000000084100000|  0%| F|  |TAMS 0x0000000084000000, 0x0000000084000000| Untracked 
|  65|0x0000000084100000, 0x0000000084100000, 0x0000000084200000|  0%| F|  |TAMS 0x0000000084100000, 0x0000000084100000| Untracked 
|  66|0x0000000084200000, 0x0000000084200000, 0x0000000084300000|  0%| F|  |TAMS 0x0000000084200000, 0x0000000084200000| Untracked 
|  67|0x0000000084300000, 0x0000000084300000, 0x0000000084400000|  0%| F|  |TAMS 0x0000000084300000, 0x0000000084300000| Untracked 
|  68|0x0000000084400000, 0x0000000084400000, 0x0000000084500000|  0%| F|  |TAMS 0x0000000084400000, 0x0000000084400000| Untracked 
|  69|0x0000000084500000, 0x0000000084500000, 0x0000000084600000|  0%| F|  |TAMS 0x0000000084500000, 0x0000000084500000| Untracked 
|  70|0x0000000084600000, 0x0000000084600000, 0x0000000084700000|  0%| F|  |TAMS 0x0000000084600000, 0x0000000084600000| Untracked 
|  71|0x0000000084700000, 0x0000000084700000, 0x0000000084800000|  0%| F|  |TAMS 0x0000000084700000, 0x0000000084700000| Untracked 
|  72|0x0000000084800000, 0x0000000084800000, 0x0000000084900000|  0%| F|  |TAMS 0x0000000084800000, 0x0000000084800000| Untracked 
|  73|0x0000000084900000, 0x0000000084900000, 0x0000000084a00000|  0%| F|  |TAMS 0x0000000084900000, 0x0000000084900000| Untracked 
|  74|0x0000000084a00000, 0x0000000084a00000, 0x0000000084b00000|  0%| F|  |TAMS 0x0000000084a00000, 0x0000000084a00000| Untracked 
|  75|0x0000000084b00000, 0x0000000084b00000, 0x0000000084c00000|  0%| F|  |TAMS 0x0000000084b00000, 0x0000000084b00000| Untracked 
|  76|0x0000000084c00000, 0x0000000084c00000, 0x0000000084d00000|  0%| F|  |TAMS 0x0000000084c00000, 0x0000000084c00000| Untracked 
|  77|0x0000000084d00000, 0x0000000084d00000, 0x0000000084e00000|  0%| F|  |TAMS 0x0000000084d00000, 0x0000000084d00000| Untracked 
|  78|0x0000000084e00000, 0x0000000084e00000, 0x0000000084f00000|  0%| F|  |TAMS 0x0000000084e00000, 0x0000000084e00000| Untracked 
|  79|0x0000000084f00000, 0x0000000084f00000, 0x0000000085000000|  0%| F|  |TAMS 0x0000000084f00000, 0x0000000084f00000| Untracked 
|  80|0x0000000085000000, 0x0000000085000000, 0x0000000085100000|  0%| F|  |TAMS 0x0000000085000000, 0x0000000085000000| Untracked 
|  81|0x0000000085100000, 0x0000000085100000, 0x0000000085200000|  0%| F|  |TAMS 0x0000000085100000, 0x0000000085100000| Untracked 
|  82|0x0000000085200000, 0x0000000085200000, 0x0000000085300000|  0%| F|  |TAMS 0x0000000085200000, 0x0000000085200000| Untracked 
|  83|0x0000000085300000, 0x0000000085375e28, 0x0000000085400000| 46%| S|CS|TAMS 0x0000000085300000, 0x0000000085300000| Complete 
|  84|0x0000000085400000, 0x0000000085500000, 0x0000000085500000|100%| S|CS|TAMS 0x0000000085400000, 0x0000000085400000| Complete 
|  85|0x0000000085500000, 0x0000000085600000, 0x0000000085600000|100%| S|CS|TAMS 0x0000000085500000, 0x0000000085500000| Complete 
|  86|0x0000000085600000, 0x0000000085700000, 0x0000000085700000|100%| S|CS|TAMS 0x0000000085600000, 0x0000000085600000| Complete 
|  87|0x0000000085700000, 0x0000000085800000, 0x0000000085800000|100%| S|CS|TAMS 0x0000000085700000, 0x0000000085700000| Complete 
|  88|0x0000000085800000, 0x0000000085900000, 0x0000000085900000|100%| S|CS|TAMS 0x0000000085800000, 0x0000000085800000| Complete 
|  89|0x0000000085900000, 0x0000000085a00000, 0x0000000085a00000|100%| S|CS|TAMS 0x0000000085900000, 0x0000000085900000| Complete 
|  90|0x0000000085a00000, 0x0000000085a00000, 0x0000000085b00000|  0%| F|  |TAMS 0x0000000085a00000, 0x0000000085a00000| Untracked 
|  91|0x0000000085b00000, 0x0000000085b00000, 0x0000000085c00000|  0%| F|  |TAMS 0x0000000085b00000, 0x0000000085b00000| Untracked 
|  92|0x0000000085c00000, 0x0000000085c00000, 0x0000000085d00000|  0%| F|  |TAMS 0x0000000085c00000, 0x0000000085c00000| Untracked 
|  93|0x0000000085d00000, 0x0000000085d00000, 0x0000000085e00000|  0%| F|  |TAMS 0x0000000085d00000, 0x0000000085d00000| Untracked 
|  94|0x0000000085e00000, 0x0000000085e00000, 0x0000000085f00000|  0%| F|  |TAMS 0x0000000085e00000, 0x0000000085e00000| Untracked 
|  95|0x0000000085f00000, 0x0000000085f00000, 0x0000000086000000|  0%| F|  |TAMS 0x0000000085f00000, 0x0000000085f00000| Untracked 
|  96|0x0000000086000000, 0x0000000086000000, 0x0000000086100000|  0%| F|  |TAMS 0x0000000086000000, 0x0000000086000000| Untracked 
|  97|0x0000000086100000, 0x0000000086100000, 0x0000000086200000|  0%| F|  |TAMS 0x0000000086100000, 0x0000000086100000| Untracked 
|  98|0x0000000086200000, 0x0000000086200000, 0x0000000086300000|  0%| F|  |TAMS 0x0000000086200000, 0x0000000086200000| Untracked 
|  99|0x0000000086300000, 0x0000000086300000, 0x0000000086400000|  0%| F|  |TAMS 0x0000000086300000, 0x0000000086300000| Untracked 
| 100|0x0000000086400000, 0x0000000086400000, 0x0000000086500000|  0%| F|  |TAMS 0x0000000086400000, 0x0000000086400000| Untracked 
| 101|0x0000000086500000, 0x0000000086500000, 0x0000000086600000|  0%| F|  |TAMS 0x0000000086500000, 0x0000000086500000| Untracked 
| 102|0x0000000086600000, 0x0000000086600000, 0x0000000086700000|  0%| F|  |TAMS 0x0000000086600000, 0x0000000086600000| Untracked 
| 103|0x0000000086700000, 0x0000000086700000, 0x0000000086800000|  0%| F|  |TAMS 0x0000000086700000, 0x0000000086700000| Untracked 
| 104|0x0000000086800000, 0x0000000086800000, 0x0000000086900000|  0%| F|  |TAMS 0x0000000086800000, 0x0000000086800000| Untracked 
| 105|0x0000000086900000, 0x0000000086900000, 0x0000000086a00000|  0%| F|  |TAMS 0x0000000086900000, 0x0000000086900000| Untracked 
| 106|0x0000000086a00000, 0x0000000086a00000, 0x0000000086b00000|  0%| F|  |TAMS 0x0000000086a00000, 0x0000000086a00000| Untracked 
| 107|0x0000000086b00000, 0x0000000086b00000, 0x0000000086c00000|  0%| F|  |TAMS 0x0000000086b00000, 0x0000000086b00000| Untracked 
| 108|0x0000000086c00000, 0x0000000086c00000, 0x0000000086d00000|  0%| F|  |TAMS 0x0000000086c00000, 0x0000000086c00000| Untracked 
| 109|0x0000000086d00000, 0x0000000086d00000, 0x0000000086e00000|  0%| F|  |TAMS 0x0000000086d00000, 0x0000000086d00000| Untracked 
| 110|0x0000000086e00000, 0x0000000086e00000, 0x0000000086f00000|  0%| F|  |TAMS 0x0000000086e00000, 0x0000000086e00000| Untracked 
| 111|0x0000000086f00000, 0x0000000086f00000, 0x0000000087000000|  0%| F|  |TAMS 0x0000000086f00000, 0x0000000086f00000| Untracked 
| 112|0x0000000087000000, 0x0000000087000000, 0x0000000087100000|  0%| F|  |TAMS 0x0000000087000000, 0x0000000087000000| Untracked 
| 113|0x0000000087100000, 0x0000000087100000, 0x0000000087200000|  0%| F|  |TAMS 0x0000000087100000, 0x0000000087100000| Untracked 
| 114|0x0000000087200000, 0x0000000087200000, 0x0000000087300000|  0%| F|  |TAMS 0x0000000087200000, 0x0000000087200000| Untracked 
| 115|0x0000000087300000, 0x0000000087300000, 0x0000000087400000|  0%| F|  |TAMS 0x0000000087300000, 0x0000000087300000| Untracked 
| 116|0x0000000087400000, 0x0000000087400000, 0x0000000087500000|  0%| F|  |TAMS 0x0000000087400000, 0x0000000087400000| Untracked 
| 117|0x0000000087500000, 0x0000000087500000, 0x0000000087600000|  0%| F|  |TAMS 0x0000000087500000, 0x0000000087500000| Untracked 
| 118|0x0000000087600000, 0x0000000087600000, 0x0000000087700000|  0%| F|  |TAMS 0x0000000087600000, 0x0000000087600000| Untracked 
| 119|0x0000000087700000, 0x0000000087700000, 0x0000000087800000|  0%| F|  |TAMS 0x0000000087700000, 0x0000000087700000| Untracked 
| 120|0x0000000087800000, 0x0000000087800000, 0x0000000087900000|  0%| F|  |TAMS 0x0000000087800000, 0x0000000087800000| Untracked 
| 121|0x0000000087900000, 0x0000000087900000, 0x0000000087a00000|  0%| F|  |TAMS 0x0000000087900000, 0x0000000087900000| Untracked 
| 122|0x0000000087a00000, 0x0000000087a00000, 0x0000000087b00000|  0%| F|  |TAMS 0x0000000087a00000, 0x0000000087a00000| Untracked 
| 123|0x0000000087b00000, 0x0000000087b00000, 0x0000000087c00000|  0%| F|  |TAMS 0x0000000087b00000, 0x0000000087b00000| Untracked 
| 124|0x0000000087c00000, 0x0000000087c00000, 0x0000000087d00000|  0%| F|  |TAMS 0x0000000087c00000, 0x0000000087c00000| Untracked 
| 125|0x0000000087d00000, 0x0000000087d80000, 0x0000000087e00000| 50%| E|  |TAMS 0x0000000087d00000, 0x0000000087d00000| Complete 

Card table byte_map: [0x0000017bfdb00000,0x0000017bfdf00000] _byte_map_base: 0x0000017bfd700000

Marking Bits (Prev, Next): (CMBitMap*) 0x0000017bfd693fa8, (CMBitMap*) 0x0000017bfd693fe0
 Prev Bits: [0x0000017b976a0000, 0x0000017b996a0000)
 Next Bits: [0x0000017b996a0000, 0x0000017b9b6a0000)

Polling page: 0x0000017bfb600000

Metaspace:

Usage:
  Non-class:     32.74 MB capacity,    32.17 MB ( 98%) used,   493.81 KB (  1%) free+waste,    86.69 KB ( <1%) overhead. 
      Class:      5.02 MB capacity,     4.69 MB ( 93%) used,   293.38 KB (  6%) free+waste,    41.75 KB ( <1%) overhead. 
       Both:     37.76 MB capacity,    36.86 MB ( 98%) used,   787.20 KB (  2%) free+waste,   128.44 KB ( <1%) overhead. 

Virtual space:
  Non-class space:       40.00 MB reserved,      32.83 MB ( 82%) committed 
      Class space:      504.00 MB reserved,       5.13 MB (  1%) committed 
             Both:      544.00 MB reserved,      37.95 MB (  7%) committed 

Chunk freelists:
   Non-Class:  26.00 KB
       Class:  16.00 KB
        Both:  42.00 KB

MaxMetaspaceSize: 512.00 MB
CompressedClassSpaceSize: 504.00 MB
Initial GC threshold: 20.80 MB
Current GC threshold: 59.21 MB
CDS: off

CodeHeap 'non-profiled nmethods': size=120064Kb used=1655Kb max_used=1655Kb free=118408Kb
 bounds [0x0000017b90160000, 0x0000017b903d0000, 0x0000017b976a0000]
CodeHeap 'profiled nmethods': size=120000Kb used=7129Kb max_used=7129Kb free=112870Kb
 bounds [0x0000017b88c30000, 0x0000017b89330000, 0x0000017b90160000]
CodeHeap 'non-nmethods': size=5696Kb used=1586Kb max_used=1624Kb free=4109Kb
 bounds [0x0000017b886a0000, 0x0000017b88910000, 0x0000017b88c30000]
 total_blobs=4058 nmethods=3429 adapters=541
 compilation: enabled
              stopped_count=0, restarted_count=0
 full_count=0

Compilation events (20 events):
Event: 44.897 Thread 0x0000017bfe81b800 3429       4       java.util.stream.StreamOpFlag::fromCharacteristics (37 bytes)
Event: 44.898 Thread 0x0000017bfe81c800 nmethod 3433 0x0000017b8931c790 code [0x0000017b8931ca20, 0x0000017b8931d758]
Event: 44.899 Thread 0x0000017bfe81c800 3435       3       org.codehaus.groovy.runtime.metaclass.MetaMethodIndex::copyNonPrivateMethods (149 bytes)
Event: 44.899 Thread 0x0000017bfe81b800 nmethod 3429 0x0000017b902fd590 code [0x0000017b902fd720, 0x0000017b902fd798]
Event: 44.900 Thread 0x0000017bfe81c800 nmethod 3435 0x0000017b8931da10 code [0x0000017b8931dca0, 0x0000017b8931e918]
Event: 44.900 Thread 0x0000017bfe81c800 3436       3       groovy.lang.MetaMethod::getMopName (105 bytes)
Event: 44.901 Thread 0x0000017bfe81b800 3437       4       jdk.internal.loader.URLClassPath::getResource (74 bytes)
Event: 44.903 Thread 0x0000017bfe81c800 nmethod 3436 0x0000017b8931ed10 code [0x0000017b8931f0c0, 0x0000017b893206a8]
Event: 44.903 Thread 0x0000017bfe81c800 3434       3       groovy.lang.MetaClassImpl::isGenericGetMethod (44 bytes)
Event: 44.904 Thread 0x0000017bfe81c800 nmethod 3434 0x0000017b89320d10 code [0x0000017b89320f00, 0x0000017b89321388]
Event: 44.907 Thread 0x0000017bfe81c800 3439       1       java.util.TreeMap$Entry::getValue (5 bytes)
Event: 44.907 Thread 0x0000017bfe81c800 nmethod 3439 0x0000017b902fd890 code [0x0000017b902fda40, 0x0000017b902fdaf8]
Event: 44.910 Thread 0x0000017bfe81c800 3440   !   3       com.sun.beans.TypeResolver::resolve (261 bytes)
Event: 44.913 Thread 0x0000017bfe81c800 nmethod 3440 0x0000017b89321510 code [0x0000017b89321920, 0x0000017b89323a18]
Event: 44.914 Thread 0x0000017bfe81c800 3441       1       org.codehaus.groovy.util.ComplexKeyHashMap$Entry::getValue (5 bytes)
Event: 44.914 Thread 0x0000017bfe81c800 nmethod 3441 0x0000017b902fdb90 code [0x0000017b902fdd40, 0x0000017b902fddf8]
Event: 44.918 Thread 0x0000017bfe81c800 3442       2       java.lang.Throwable::<init> (39 bytes)
Event: 44.921 Thread 0x0000017bfe81c800 nmethod 3442 0x0000017b89324190 code [0x0000017b89324360, 0x0000017b89324688]
Event: 44.987 Thread 0x0000017bfe81c800 3444   !   3       jdk.internal.loader.URLClassPath$JarLoader::checkResource (78 bytes)
Event: 44.989 Thread 0x0000017bfe81c800 nmethod 3444 0x0000017b89324710 code [0x0000017b89324960, 0x0000017b89325308]

GC Heap History (14 events):
Event: 4.083 GC heap before
{Heap before GC invocations=0 (full 0):
 garbage-first heap   total 129024K, used 16384K [0x0000000080000000, 0x0000000100000000)
  region size 1024K, 14 young (14336K), 0 survivors (0K)
 Metaspace       used 6764K, capacity 6989K, committed 7168K, reserved 524288K
  class space    used 573K, capacity 650K, committed 768K, reserved 516096K
}
Event: 4.270 GC heap after
{Heap after GC invocations=1 (full 0):
 garbage-first heap   total 129024K, used 3844K [0x0000000080000000, 0x0000000100000000)
  region size 1024K, 2 young (2048K), 2 survivors (2048K)
 Metaspace       used 6764K, capacity 6989K, committed 7168K, reserved 524288K
  class space    used 573K, capacity 650K, committed 768K, reserved 516096K
}
Event: 21.944 GC heap before
{Heap before GC invocations=1 (full 0):
 garbage-first heap   total 129024K, used 74500K [0x0000000080000000, 0x0000000100000000)
  region size 1024K, 68 young (69632K), 2 survivors (2048K)
 Metaspace       used 15717K, capacity 16087K, committed 16256K, reserved 530432K
  class space    used 1756K, capacity 1898K, committed 1920K, reserved 516096K
}
Event: 22.010 GC heap after
{Heap after GC invocations=2 (full 0):
 garbage-first heap   total 129024K, used 15863K [0x0000000080000000, 0x0000000100000000)
  region size 1024K, 9 young (9216K), 9 survivors (9216K)
 Metaspace       used 15717K, capacity 16087K, committed 16256K, reserved 530432K
  class space    used 1756K, capacity 1898K, committed 1920K, reserved 516096K
}
Event: 26.071 GC heap before
{Heap before GC invocations=2 (full 0):
 garbage-first heap   total 129024K, used 34295K [0x0000000080000000, 0x0000000100000000)
  region size 1024K, 27 young (27648K), 9 survivors (9216K)
 Metaspace       used 18432K, capacity 18857K, committed 19072K, reserved 534528K
  class space    used 2164K, capacity 2314K, committed 2432K, reserved 516096K
}
Event: 26.087 GC heap after
{Heap after GC invocations=3 (full 0):
 garbage-first heap   total 129024K, used 16891K [0x0000000080000000, 0x0000000100000000)
  region size 1024K, 2 young (2048K), 2 survivors (2048K)
 Metaspace       used 18432K, capacity 18857K, committed 19072K, reserved 534528K
  class space    used 2164K, capacity 2314K, committed 2432K, reserved 516096K
}
Event: 29.404 GC heap before
{Heap before GC invocations=3 (full 0):
 garbage-first heap   total 129024K, used 34299K [0x0000000080000000, 0x0000000100000000)
  region size 1024K, 20 young (20480K), 2 survivors (2048K)
 Metaspace       used 20675K, capacity 21158K, committed 21296K, reserved 536576K
  class space    used 2473K, capacity 2658K, committed 2688K, reserved 516096K
}
Event: 29.413 GC heap after
{Heap after GC invocations=4 (full 0):
 garbage-first heap   total 129024K, used 17461K [0x0000000080000000, 0x0000000100000000)
  region size 1024K, 2 young (2048K), 2 survivors (2048K)
 Metaspace       used 20675K, capacity 21158K, committed 21296K, reserved 536576K
  class space    used 2473K, capacity 2658K, committed 2688K, reserved 516096K
}
Event: 35.697 GC heap before
{Heap before GC invocations=5 (full 0):
 garbage-first heap   total 129024K, used 72757K [0x0000000080000000, 0x0000000100000000)
  region size 1024K, 56 young (57344K), 2 survivors (2048K)
 Metaspace       used 26458K, capacity 26998K, committed 27184K, reserved 540672K
  class space    used 3420K, capacity 3636K, committed 3712K, reserved 516096K
}
Event: 35.707 GC heap after
{Heap after GC invocations=6 (full 0):
 garbage-first heap   total 129024K, used 19375K [0x0000000080000000, 0x0000000100000000)
  region size 1024K, 4 young (4096K), 4 survivors (4096K)
 Metaspace       used 26458K, capacity 26998K, committed 27184K, reserved 540672K
  class space    used 3420K, capacity 3636K, committed 3712K, reserved 516096K
}
Event: 40.439 GC heap before
{Heap before GC invocations=6 (full 0):
 garbage-first heap   total 129024K, used 77743K [0x0000000080000000, 0x0000000100000000)
  region size 1024K, 61 young (62464K), 4 survivors (4096K)
 Metaspace       used 32323K, capacity 33055K, committed 33200K, reserved 544768K
  class space    used 4265K, capacity 4571K, committed 4608K, reserved 516096K
}
Event: 40.454 GC heap after
{Heap after GC invocations=7 (full 0):
 garbage-first heap   total 129024K, used 21623K [0x0000000080000000, 0x0000000100000000)
  region size 1024K, 6 young (6144K), 6 survivors (6144K)
 Metaspace       used 32323K, capacity 33055K, committed 33200K, reserved 544768K
  class space    used 4265K, capacity 4571K, committed 4608K, reserved 516096K
}
Event: 41.884 GC heap before
{Heap before GC invocations=7 (full 0):
 garbage-first heap   total 129024K, used 26743K [0x0000000080000000, 0x0000000100000000)
  region size 1024K, 12 young (12288K), 6 survivors (6144K)
 Metaspace       used 35006K, capacity 35761K, committed 35920K, reserved 548864K
  class space    used 4479K, capacity 4790K, committed 4864K, reserved 516096K
}
Event: 41.912 GC heap after
{Heap after GC invocations=8 (full 0):
 garbage-first heap   total 129024K, used 22761K [0x0000000080000000, 0x0000000100000000)
  region size 1024K, 6 young (6144K), 6 survivors (6144K)
 Metaspace       used 35006K, capacity 35761K, committed 35920K, reserved 548864K
  class space    used 4479K, capacity 4790K, committed 4864K, reserved 516096K
}

Deoptimization events (20 events):
Event: 43.379 Thread 0x0000017b9e570000 Uncommon trap: trap_request=0xffffffc6 fr.pc=0x0000017b90290bfc relative=0x0000000000004e5c
Event: 43.379 Thread 0x0000017b9e570000 Uncommon trap: reason=bimorphic_or_optimized_type_check action=maybe_recompile pc=0x0000017b90290bfc method=java.net.URL.<init>(Ljava/net/URL;Ljava/lang/String;Ljava/net/URLStreamHandler;)V @ 504 c2
Event: 43.379 Thread 0x0000017b9e570000 DEOPT PACKING pc=0x0000017b90290bfc sp=0x000000330fbf6ed0
Event: 43.379 Thread 0x0000017b9e570000 DEOPT UNPACKING pc=0x0000017b886ea1af sp=0x000000330fbf6e70 mode 2
Event: 44.696 Thread 0x0000017b9e570000 Uncommon trap: trap_request=0xffffffbe fr.pc=0x0000017b902f376c relative=0x000000000000098c
Event: 44.696 Thread 0x0000017b9e570000 Uncommon trap: reason=profile_predicate action=maybe_recompile pc=0x0000017b902f376c method=jdk.internal.jimage.ImageStringsReader.charsFromByteBuffer([CLjava/nio/ByteBuffer;)V @ 6 c2
Event: 44.696 Thread 0x0000017b9e570000 DEOPT PACKING pc=0x0000017b902f376c sp=0x000000330fbf8920
Event: 44.696 Thread 0x0000017b9e570000 DEOPT UNPACKING pc=0x0000017b886ea1af sp=0x000000330fbf87f8 mode 2
Event: 44.696 Thread 0x0000017b9e570000 Uncommon trap: trap_request=0xffffffbe fr.pc=0x0000017b902f376c relative=0x000000000000098c
Event: 44.701 Thread 0x0000017b9e570000 Uncommon trap: reason=profile_predicate action=maybe_recompile pc=0x0000017b902f376c method=jdk.internal.jimage.ImageStringsReader.charsFromByteBuffer([CLjava/nio/ByteBuffer;)V @ 6 c2
Event: 44.701 Thread 0x0000017b9e570000 DEOPT PACKING pc=0x0000017b902f376c sp=0x000000330fbf8870
Event: 44.701 Thread 0x0000017b9e570000 DEOPT UNPACKING pc=0x0000017b886ea1af sp=0x000000330fbf8748 mode 2
Event: 44.701 Thread 0x0000017b9e570000 Uncommon trap: trap_request=0xffffffbe fr.pc=0x0000017b902f376c relative=0x000000000000098c
Event: 44.701 Thread 0x0000017b9e570000 Uncommon trap: reason=profile_predicate action=maybe_recompile pc=0x0000017b902f376c method=jdk.internal.jimage.ImageStringsReader.charsFromByteBuffer([CLjava/nio/ByteBuffer;)V @ 6 c2
Event: 44.701 Thread 0x0000017b9e570000 DEOPT PACKING pc=0x0000017b902f376c sp=0x000000330fbf8740
Event: 44.701 Thread 0x0000017b9e570000 DEOPT UNPACKING pc=0x0000017b886ea1af sp=0x000000330fbf8618 mode 2
Event: 44.701 Thread 0x0000017b9e570000 Uncommon trap: trap_request=0xffffffbe fr.pc=0x0000017b902f376c relative=0x000000000000098c
Event: 44.701 Thread 0x0000017b9e570000 Uncommon trap: reason=profile_predicate action=maybe_recompile pc=0x0000017b902f376c method=jdk.internal.jimage.ImageStringsReader.charsFromByteBuffer([CLjava/nio/ByteBuffer;)V @ 6 c2
Event: 44.701 Thread 0x0000017b9e570000 DEOPT PACKING pc=0x0000017b902f376c sp=0x000000330fbf8740
Event: 44.701 Thread 0x0000017b9e570000 DEOPT UNPACKING pc=0x0000017b886ea1af sp=0x000000330fbf8618 mode 2

Classes redefined (0 events):
No events

Internal exceptions (20 events):
Event: 38.729 Thread 0x0000017b9e570000 Exception <a 'java/lang/NoSuchMethodError'{0x00000000858ead08}: 'java.lang.Object java.lang.invoke.Invokers$Holder.linkToTargetMethod(java.lang.Object, java.lang.Object, java.lang.Object, java.lang.Object, java.lang.Object, java.lang.Object, java.lang.Object, java.lang.Object)'> (0x00000000858ead08) thrown at [./src/hotspot/share/interpreter/linkResolver.cpp, line 773]
Event: 38.791 Thread 0x0000017b9e570000 Exception <a 'java/lang/IncompatibleClassChangeError'{0x000000008577cf20}: Found class java.lang.Object, but interface was expected> (0x000000008577cf20) thrown at [./src/hotspot/share/interpreter/linkResolver.cpp, line 839]
Event: 40.417 Thread 0x0000017b9e570000 Exception <a 'java/lang/NoSuchMethodError'{0x00000000841e00d8}: 'void java.lang.invoke.DirectMethodHandle$Holder.invokeStaticInit(java.lang.Object, java.lang.Object, java.lang.Object)'> (0x00000000841e00d8) thrown at [./src/hotspot/share/interpreter/linkResolver.cpp, line 773]
Event: 40.425 Thread 0x0000017b9e570000 Exception <a 'java/lang/NoSuchMethodError'{0x00000000841e7330}: 'void java.lang.invoke.DirectMethodHandle$Holder.invokeStaticInit(java.lang.Object, java.lang.Object, java.lang.Object, java.lang.Object)'> (0x00000000841e7330) thrown at [./src/hotspot/share/interpreter/linkResolver.cpp, line 773]
Event: 40.458 Thread 0x0000017b9e570000 Exception <a 'java/lang/NoSuchMethodError'{0x0000000087d0a080}: 'void java.lang.invoke.DirectMethodHandle$Holder.invokeStaticInit(java.lang.Object, java.lang.Object, java.lang.Object, java.lang.Object, java.lang.Object)'> (0x0000000087d0a080) thrown at [./src/hotspot/share/interpreter/linkResolver.cpp, line 773]
Event: 41.068 Thread 0x0000017b9e570000 Exception <a 'java/lang/NoSuchMethodError'{0x0000000087d6b020}: 'int java.lang.invoke.DirectMethodHandle$Holder.invokeStaticInit(java.lang.Object, java.lang.Object, java.lang.Object, java.lang.Object)'> (0x0000000087d6b020) thrown at [./src/hotspot/share/interpreter/linkResolver.cpp, line 773]
Event: 42.574 Thread 0x0000017b9e570000 Exception <a 'java/lang/NoSuchMethodError'{0x0000000087b87d98}: 'java.lang.Object java.lang.invoke.DirectMethodHandle$Holder.invokeStatic(java.lang.Object, java.lang.Object, java.lang.Object, java.lang.Object, java.lang.Object, java.lang.Object, java.lang.Object, java.lang.Object, java.lang.Object, java.lang.Object, java.lang.Object, int)'> (0x0000000087b87d98) thrown at [./src/hotspot/share/interpreter/linkResolver.cpp, line 773]
Event: 42.629 Thread 0x0000017b9e570000 Exception <a 'java/lang/NoSuchMethodError'{0x0000000087ba6738}: 'java.lang.Object java.lang.invoke.DirectMethodHandle$Holder.invokeStatic(java.lang.Object, java.lang.Object, java.lang.Object, java.lang.Object, java.lang.Object, java.lang.Object, java.lang.Object, java.lang.Object, java.lang.Object, java.lang.Object, java.lang.Object, int, int)'> (0x0000000087ba6738) thrown at [./src/hotspot/share/interpreter/linkResolver.cpp, line 773]
Event: 42.639 Thread 0x0000017b9e570000 Exception <a 'java/lang/NoSuchMethodError'{0x0000000087bc61c0}: 'java.lang.Object java.lang.invoke.DirectMethodHandle$Holder.invokeStatic(java.lang.Object, java.lang.Object, java.lang.Object, java.lang.Object, java.lang.Object, java.lang.Object, java.lang.Object, java.lang.Object, java.lang.Object, java.lang.Object, java.lang.Object, int, int, java.lang.Object)'> (0x0000000087bc61c0) thrown at [./src/hotspot/share/interpreter/linkResolver.cpp, line 773]
Event: 42.649 Thread 0x0000017b9e570000 Exception <a 'java/lang/NoSuchMethodError'{0x0000000087be72b8}: 'java.lang.Object java.lang.invoke.DirectMethodHandle$Holder.invokeStatic(java.lang.Object, java.lang.Object, java.lang.Object, java.lang.Object, java.lang.Object, java.lang.Object, java.lang.Object, java.lang.Object, java.lang.Object, java.lang.Object, java.lang.Object, int, int, java.lang.Object, java.lang.Object)'> (0x0000000087be72b8) thrown at [./src/hotspot/share/interpreter/linkResolver.cpp, line 773]
Event: 42.657 Thread 0x0000017b9e570000 Exception <a 'java/lang/ClassNotFoundException'{0x0000000087a17d30}: groovy/lang/ExpandoMetaClassBeanInfo> (0x0000000087a17d30) thrown at [./src/hotspot/share/classfile/systemDictionary.cpp, line 230]
Event: 42.661 Thread 0x0000017b9e570000 Exception <a 'java/lang/ClassNotFoundException'{0x0000000087a386b8}: groovy/lang/MetaClassImplBeanInfo> (0x0000000087a386b8) thrown at [./src/hotspot/share/classfile/systemDictionary.cpp, line 230]
Event: 42.662 Thread 0x0000017b9e570000 Exception <a 'java/lang/ClassNotFoundException'{0x0000000087a41c10}: java/lang/ObjectBeanInfo> (0x0000000087a41c10) thrown at [./src/hotspot/share/classfile/systemDictionary.cpp, line 230]
Event: 42.665 Thread 0x0000017b9e570000 Exception <a 'java/lang/ClassNotFoundException'{0x0000000087a4d5d8}: java/lang/ObjectCustomizer> (0x0000000087a4d5d8) thrown at [./src/hotspot/share/classfile/systemDictionary.cpp, line 230]
Event: 42.707 Thread 0x0000017b9e570000 Exception <a 'java/lang/ClassNotFoundException'{0x0000000087a74e70}: groovy/lang/MetaClassImplCustomizer> (0x0000000087a74e70) thrown at [./src/hotspot/share/classfile/systemDictionary.cpp, line 230]
Event: 42.719 Thread 0x0000017b9e570000 Exception <a 'java/lang/ClassNotFoundException'{0x0000000087ab54e0}: groovy/lang/ExpandoMetaClassCustomizer> (0x0000000087ab54e0) thrown at [./src/hotspot/share/classfile/systemDictionary.cpp, line 230]
Event: 44.900 Thread 0x0000017b9e570000 Exception <a 'java/lang/ClassNotFoundException'{0x0000000085c8c728}: org/gradle/internal/extensibility/DefaultExtraPropertiesExtensionBeanInfo> (0x0000000085c8c728) thrown at [./src/hotspot/share/classfile/systemDictionary.cpp, line 230]
Event: 44.902 Thread 0x0000017b9e570000 Exception <a 'java/lang/ClassNotFoundException'{0x0000000085caf680}: groovy/lang/GroovyObjectSupportBeanInfo> (0x0000000085caf680) thrown at [./src/hotspot/share/classfile/systemDictionary.cpp, line 230]
Event: 44.904 Thread 0x0000017b9e570000 Exception <a 'java/lang/ClassNotFoundException'{0x0000000085cd2620}: groovy/lang/GroovyObjectSupportCustomizer> (0x0000000085cd2620) thrown at [./src/hotspot/share/classfile/systemDictionary.cpp, line 230]
Event: 44.909 Thread 0x0000017b9e570000 Exception <a 'java/lang/ClassNotFoundException'{0x0000000085cfc0d0}: org/gradle/internal/extensibility/DefaultExtraPropertiesExtensionCustomizer> (0x0000000085cfc0d0) thrown at [./src/hotspot/share/classfile/systemDictionary.cpp, line 230]

Events (20 events):
Event: 44.981 loading class org/gradle/plugin/use/internal/PluginUseScriptBlockMetadataCompiler
Event: 44.981 loading class org/gradle/plugin/use/internal/PluginUseScriptBlockMetadataCompiler done
Event: 44.983 loading class org/gradle/groovy/scripts/internal/Permits
Event: 44.983 loading class org/gradle/groovy/scripts/internal/Permits done
Event: 44.985 loading class org/gradle/groovy/scripts/internal/SubsetScriptTransformer
Event: 44.985 loading class org/gradle/groovy/scripts/internal/SubsetScriptTransformer done
Event: 44.987 loading class org/gradle/groovy/scripts/internal/AbstractScriptTransformer
Event: 44.987 loading class org/gradle/groovy/scripts/internal/AbstractScriptTransformer done
Event: 44.988 loading class org/codehaus/groovy/control/CompilationUnit$SourceUnitOperation
Event: 44.988 loading class org/codehaus/groovy/control/CompilationUnit$SourceUnitOperation done
Event: 44.988 loading class org/codehaus/groovy/control/CompilationUnit$ISourceUnitOperation
Event: 44.988 loading class org/codehaus/groovy/control/CompilationUnit$ISourceUnitOperation done
Event: 44.989 Executing VM operation: CollectForMetadataAllocation
Event: 44.990 Executing VM operation: CollectForMetadataAllocation done
Event: 44.991 loading class com/google/common/collect/MapMaker$Dummy
Event: 44.991 loading class com/google/common/collect/MapMaker$Dummy done
Event: 44.992 loading class com/google/common/collect/MapMakerInternalMap$WeakKeyDummyValueEntry
Event: 44.992 loading class com/google/common/collect/MapMakerInternalMap$WeakKeyDummyValueEntry done
Event: 44.994 loading class com/google/common/collect/MapMakerInternalMap$StrongValueEntry
Event: 44.994 loading class com/google/common/collect/MapMakerInternalMap$StrongValueEntry done


Dynamic libraries:
0x00007ff6a6a30000 - 0x00007ff6a6a3d000 	C:\Program Files\Eclipse Adoptium\jdk-11.0.17.8-hotspot\bin\java.exe
0x00007ffc53470000 - 0x00007ffc53668000 	C:\WINDOWS\SYSTEM32\ntdll.dll
0x00007ffc52350000 - 0x00007ffc5240f000 	C:\WINDOWS\System32\KERNEL32.DLL
0x00007ffc511d0000 - 0x00007ffc514a2000 	C:\WINDOWS\System32\KERNELBASE.dll
0x0000000072160000 - 0x0000000072491000 	C:\Program Files\Norton Security\NortonData\22.22.2.10\Definitions\IPSDefs\20230301.061\IPSEng64.dll
0x00007ffc52fb0000 - 0x00007ffc5305e000 	C:\WINDOWS\System32\ADVAPI32.dll
0x00007ffc528a0000 - 0x00007ffc5293e000 	C:\WINDOWS\System32\msvcrt.dll
0x00007ffc53390000 - 0x00007ffc5342c000 	C:\WINDOWS\System32\sechost.dll
0x00007ffc514b0000 - 0x00007ffc515d5000 	C:\WINDOWS\System32\RPCRT4.dll
0x00007ffc52fa0000 - 0x00007ffc52fa8000 	C:\WINDOWS\System32\PSAPI.DLL
0x00007ffc50c00000 - 0x00007ffc50d00000 	C:\WINDOWS\System32\ucrtbase.dll
0x00007ffc4a450000 - 0x00007ffc4a467000 	C:\Program Files\Eclipse Adoptium\jdk-11.0.17.8-hotspot\bin\jli.dll
0x00007ffc517a0000 - 0x00007ffc51941000 	C:\WINDOWS\System32\USER32.dll
0x00007ffc511a0000 - 0x00007ffc511c2000 	C:\WINDOWS\System32\win32u.dll
0x00007ffc51950000 - 0x00007ffc5197b000 	C:\WINDOWS\System32\GDI32.dll
0x00007ffc50d00000 - 0x00007ffc50e0f000 	C:\WINDOWS\System32\gdi32full.dll
0x00007ffc50f10000 - 0x00007ffc50fad000 	C:\WINDOWS\System32\msvcp_win.dll
0x00007ffc440b0000 - 0x00007ffc440c5000 	C:\Program Files\Eclipse Adoptium\jdk-11.0.17.8-hotspot\bin\VCRUNTIME140.dll
0x00007ffc39c60000 - 0x00007ffc39efa000 	C:\WINDOWS\WinSxS\amd64_microsoft.windows.common-controls_6595b64144ccf1df_6.0.19041.1110_none_60b5254171f9507e\COMCTL32.dll
0x00007ffc516a0000 - 0x00007ffc516d2000 	C:\WINDOWS\System32\IMM32.DLL
0x00007ffc1b800000 - 0x00007ffc1b89b000 	C:\Program Files\Eclipse Adoptium\jdk-11.0.17.8-hotspot\bin\msvcp140.dll
0x00007ffbf6f90000 - 0x00007ffbf7b12000 	C:\Program Files\Eclipse Adoptium\jdk-11.0.17.8-hotspot\bin\server\jvm.dll
0x00007ffc39910000 - 0x00007ffc39919000 	C:\WINDOWS\SYSTEM32\WSOCK32.dll
0x00007ffc52ca0000 - 0x00007ffc52d0b000 	C:\WINDOWS\System32\WS2_32.dll
0x00007ffc45000000 - 0x00007ffc45027000 	C:\WINDOWS\SYSTEM32\WINMM.dll
0x00007ffc49c50000 - 0x00007ffc49c5a000 	C:\WINDOWS\SYSTEM32\VERSION.dll
0x00007ffc4f3c0000 - 0x00007ffc4f3d2000 	C:\WINDOWS\SYSTEM32\kernel.appcore.dll
0x00007ffc4b850000 - 0x00007ffc4b860000 	C:\Program Files\Eclipse Adoptium\jdk-11.0.17.8-hotspot\bin\verify.dll
0x00007ffc486a0000 - 0x00007ffc48884000 	C:\WINDOWS\SYSTEM32\DBGHELP.DLL
0x00007ffc48660000 - 0x00007ffc48695000 	C:\WINDOWS\SYSTEM32\dbgcore.DLL
0x00007ffc51110000 - 0x00007ffc51192000 	C:\WINDOWS\System32\bcryptPrimitives.dll
0x00007ffc39440000 - 0x00007ffc39468000 	C:\Program Files\Eclipse Adoptium\jdk-11.0.17.8-hotspot\bin\java.dll
0x00007ffc44db0000 - 0x00007ffc44dba000 	C:\Program Files\Eclipse Adoptium\jdk-11.0.17.8-hotspot\bin\jimage.dll
0x00007ffc43b80000 - 0x00007ffc43b98000 	C:\Program Files\Eclipse Adoptium\jdk-11.0.17.8-hotspot\bin\zip.dll
0x00007ffc51980000 - 0x00007ffc520c5000 	C:\WINDOWS\System32\SHELL32.dll
0x00007ffc4eb90000 - 0x00007ffc4f322000 	C:\WINDOWS\SYSTEM32\windows.storage.dll
0x00007ffc52940000 - 0x00007ffc52c95000 	C:\WINDOWS\System32\combase.dll
0x00007ffc504e0000 - 0x00007ffc50510000 	C:\WINDOWS\SYSTEM32\Wldp.dll
0x00007ffc53250000 - 0x00007ffc532fd000 	C:\WINDOWS\System32\SHCORE.dll
0x00007ffc530c0000 - 0x00007ffc53115000 	C:\WINDOWS\System32\shlwapi.dll
0x00007ffc50aa0000 - 0x00007ffc50abf000 	C:\WINDOWS\SYSTEM32\profapi.dll
0x00007ffc43b20000 - 0x00007ffc43b39000 	C:\Program Files\Eclipse Adoptium\jdk-11.0.17.8-hotspot\bin\net.dll
0x00007ffc47220000 - 0x00007ffc4732c000 	C:\WINDOWS\SYSTEM32\WINHTTP.dll
0x00007ffc502c0000 - 0x00007ffc5032a000 	C:\WINDOWS\system32\mswsock.dll
0x00007ffc43330000 - 0x00007ffc43343000 	C:\Program Files\Eclipse Adoptium\jdk-11.0.17.8-hotspot\bin\nio.dll
0x00007ffc47f10000 - 0x00007ffc47f37000 	C:\Users\Nosegay\.gradle\native\e1d6ef7f7dcc3fd88c89a11ec53ec762bb8ba0a96d01ffa2cd45eb1d1d8dd5c5\windows-amd64\native-platform.dll
0x00007ffc2fff0000 - 0x00007ffc30134000 	C:\Users\Nosegay\.gradle\native\0d407fdbe67a94daf76414ababcb853783967236a71b16ec16e742cd7a986fd3\windows-amd64\native-platform-file-events.dll
0x00007ffc44b70000 - 0x00007ffc44b79000 	C:\Program Files\Eclipse Adoptium\jdk-11.0.17.8-hotspot\bin\management.dll
0x00007ffc44a30000 - 0x00007ffc44a3b000 	C:\Program Files\Eclipse Adoptium\jdk-11.0.17.8-hotspot\bin\management_ext.dll
0x00007ffc50520000 - 0x00007ffc50538000 	C:\WINDOWS\SYSTEM32\CRYPTSP.dll
0x00007ffc4fb90000 - 0x00007ffc4fbc4000 	C:\WINDOWS\system32\rsaenh.dll
0x00007ffc50b60000 - 0x00007ffc50b87000 	C:\WINDOWS\System32\bcrypt.dll
0x00007ffc50a60000 - 0x00007ffc50a8e000 	C:\WINDOWS\SYSTEM32\USERENV.dll
0x00007ffc50450000 - 0x00007ffc5045c000 	C:\WINDOWS\SYSTEM32\CRYPTBASE.dll
0x00007ffc4ff80000 - 0x00007ffc4ffbb000 	C:\WINDOWS\SYSTEM32\IPHLPAPI.DLL
0x00007ffc51790000 - 0x00007ffc51798000 	C:\WINDOWS\System32\NSI.dll
0x00007ffc47ce0000 - 0x00007ffc47cf7000 	C:\WINDOWS\SYSTEM32\dhcpcsvc6.DLL
0x00007ffc483f0000 - 0x00007ffc4840d000 	C:\WINDOWS\SYSTEM32\dhcpcsvc.DLL
0x00007ffc4ffd0000 - 0x00007ffc5009b000 	C:\WINDOWS\SYSTEM32\DNSAPI.dll

dbghelp: loaded successfully - version: 4.0.5 - missing functions: none
symbol engine: initialized successfully - sym options: 0x614 - pdb path: .;C:\Program Files\Eclipse Adoptium\jdk-11.0.17.8-hotspot\bin;C:\WINDOWS\SYSTEM32;C:\Program Files\Norton Security\NortonData\22.22.2.10\Definitions\IPSDefs\20230301.061;C:\WINDOWS\WinSxS\amd64_microsoft.windows.common-controls_6595b64144ccf1df_6.0.19041.1110_none_60b5254171f9507e;C:\Program Files\Eclipse Adoptium\jdk-11.0.17.8-hotspot\bin\server;C:\Users\Nosegay\.gradle\native\e1d6ef7f7dcc3fd88c89a11ec53ec762bb8ba0a96d01ffa2cd45eb1d1d8dd5c5\windows-amd64;C:\Users\Nosegay\.gradle\native\0d407fdbe67a94daf76414ababcb853783967236a71b16ec16e742cd7a986fd3\windows-amd64

VM Arguments:
jvm_args: -XX:MaxMetaspaceSize=512m --add-opens=java.base/java.util=ALL-UNNAMED --add-opens=java.base/java.lang=ALL-UNNAMED --add-opens=java.base/java.lang.invoke=ALL-UNNAMED --add-opens=java.base/java.util=ALL-UNNAMED --add-opens=java.prefs/java.util.prefs=ALL-UNNAMED --add-opens=java.prefs/java.util.prefs=ALL-UNNAMED --add-opens=java.base/java.nio.charset=ALL-UNNAMED --add-opens=java.base/java.net=ALL-UNNAMED --add-opens=java.base/java.util.concurrent.atomic=ALL-UNNAMED -Xmx2048m -Dfile.encoding=windows-1252 -Duser.country=US -Duser.language=en -Duser.variant 
java_command: org.gradle.launcher.daemon.bootstrap.GradleDaemon 7.5.1
java_class_path (initial): C:\Users\Nosegay\.gradle\wrapper\dists\gradle-7.5.1-all\1ehga6e77gqps5uk2kc5kf1vc\gradle-7.5.1\lib\gradle-launcher-7.5.1.jar
Launcher Type: SUN_STANDARD

[Global flags]
     intx CICompilerCount                          = 3                                         {product} {ergonomic}
   size_t CompressedClassSpaceSize                 = 528482304                                 {product} {ergonomic}
     uint ConcGCThreads                            = 1                                         {product} {ergonomic}
     uint G1ConcRefinementThreads                  = 4                                         {product} {ergonomic}
   size_t G1HeapRegionSize                         = 1048576                                   {product} {ergonomic}
    uintx GCDrainStackTargetSize                   = 64                                        {product} {ergonomic}
   size_t InitialHeapSize                          = 132120576                                 {product} {ergonomic}
   size_t MarkStackSize                            = 4194304                                   {product} {ergonomic}
   size_t MaxHeapSize                              = 2147483648                                {product} {command line}
   size_t MaxMetaspaceSize                         = 536870912                                 {product} {command line}
   size_t MaxNewSize                               = 1287651328                                {product} {ergonomic}
   size_t MinHeapDeltaBytes                        = 1048576                                   {product} {ergonomic}
    uintx NonNMethodCodeHeapSize                   = 5830732                                {pd product} {ergonomic}
    uintx NonProfiledCodeHeapSize                  = 122913754                              {pd product} {ergonomic}
    uintx ProfiledCodeHeapSize                     = 122913754                              {pd product} {ergonomic}
    uintx ReservedCodeCacheSize                    = 251658240                              {pd product} {ergonomic}
     bool SegmentedCodeCache                       = true                                      {product} {ergonomic}
     bool UseCompressedClassPointers               = true                                 {lp64_product} {ergonomic}
     bool UseCompressedOops                        = true                                 {lp64_product} {ergonomic}
     bool UseG1GC                                  = true                                      {product} {ergonomic}
     bool UseLargePagesIndividualAllocation        = false                                  {pd product} {ergonomic}

Logging:
Log output configuration:
 #0: stdout all=warning uptime,level,tags
 #1: stderr all=off uptime,level,tags

Environment Variables:
JAVA_HOME=C:\Program Files\Eclipse Adoptium\jdk-11.0.17.8-hotspot
CLASSPATH=C:\Users\Nosegay\Documents\workspace\movie_app\android\\gradle\wrapper\gradle-wrapper.jar
PATH=C:\Users\Nosegay\Documents\workspace\movie_app\android\node_modules\.bin;C:\Users\Nosegay\Documents\workspace\movie_app\node_modules\.bin;C:\Users\Nosegay\Documents\workspace\node_modules\.bin;C:\Users\Nosegay\Documents\node_modules\.bin;C:\Users\Nosegay\node_modules\.bin;C:\Users\node_modules\.bin;C:\node_modules\.bin;C:\Program Files\nodejs;C:\Users\Nosegay\Documents\workspace\movie_app\node_modules\.bin;C:\Users\Nosegay\Documents\workspace\movie_app\node_modules\.bin;C:\Users\Nosegay\Documents\workspace\node_modules\.bin;C:\Users\Nosegay\Documents\node_modules\.bin;C:\Users\Nosegay\node_modules\.bin;C:\Users\node_modules\.bin;C:\node_modules\.bin;C:\Users\Nosegay\AppData\Roaming\npm\node_modules\npm\node_modules\@npmcli\run-script\lib\node-gyp-bin;C:\Users\Nosegay\Documents\workspace\movie_app\node_modules\.bin;C:\Users\Nosegay\Documents\workspace\node_modules\.bin;C:\Users\Nosegay\Documents\node_modules\.bin;C:\Users\Nosegay\node_modules\.bin;C:\Users\node_modules\.bin;C:\node_modules\.bin;C:\Program Files\nodejs;C:\Users\Nosegay\Documents\workspace\movie_app\node_modules\react-native\scripts\node_modules\.bin;C:\Users\Nosegay\Documents\workspace\movie_app\node_modules\react-native\node_modules\.bin;C:\Users\Nosegay\Documents\workspace\movie_app\node_modules\node_modules\.bin;C:\Users\Nosegay\Documents\workspace\movie_app\node_modules\.bin;C:\Users\Nosegay\Documents\workspace\node_modules\.bin;C:\Users\Nosegay\Documents\node_modules\.bin;C:\Users\Nosegay\node_modules\.bin;C:\Users\node_modules\.bin;C:\node_modules\.bin;C:\Program Files\nodejs;C:\Users\Nosegay\AppData\Local\Temp\yarn--1677735425980-0.2026583610218049;C:\Users\Nosegay\Documents\workspace\movie_app\node_modules\.bin;C:\Users\Nosegay\AppData\Local\Yarn\Data\link\node_modules\.bin;C:\Users\Nosegay\AppData\Local\Yarn\bin;C:\Program Files\libexec\lib\node_modules\npm\bin\node-gyp-bin;C:\Program Files\lib\node_modules\npm\bin\node-gyp-bin;C:\Program Files\nodejs\node_modules\npm\bin\node-gyp-bin;C:\Pr
USERNAME=Nosegay
LANG=en_US.UTF-8
OS=Windows_NT
PROCESSOR_IDENTIFIER=Intel64 Family 6 Model 78 Stepping 3, GenuineIntel
TMP=C:\Users\Nosegay\AppData\Local\Temp
TEMP=C:\Users\Nosegay\AppData\Local\Temp



---------------  S Y S T E M  ---------------

OS: Windows 10 , 64 bit Build 19041 (10.0.19041.2546)
OS uptime: 10 days 21:36 hours
Hyper-V role detected

CPU:total 4 (initial active 4) (2 cores per cpu, 2 threads per core) family 6 model 78 stepping 3 microcode 0xf0, cmov, cx8, fxsr, mmx, sse, sse2, sse3, ssse3, sse4.1, sse4.2, popcnt, avx, avx2, aes, clmul, erms, rtm, 3dnowpref, lzcnt, ht, tsc, tscinvbit, bmi1, bmi2, adx, fma

Memory: 4k page, system-wide physical 8063M (295M free)
TotalPageFile size 17534M (AvailPageFile size 0M)
current process WorkingSet (physical memory assigned to process): 216M, peak: 216M
current process commit charge ("private bytes"): 280M, peak: 284M

vm_info: OpenJDK 64-Bit Server VM (11.0.17+8) for windows-amd64 JRE (11.0.17+8), built on Oct 19 2022 00:04:05 by "" with MS VC++ 15.9 (VS2017)

END.
